<?xml version="1.0" encoding="UTF-8"?>
<!-- Generated by org.testng.reporters.JUnitReportReporter -->
<testsuite hostname="MLB-BWTCL-4402" name="com.MOTA.selenium.DriverTest" tests="2" failures="2" timestamp="24 Feb 2015 11:47:26 GMT" time="0.003" errors="0">
  <testcase name="GoogleSearch" time="0.002" classname="com.MOTA.selenium.DriverTest">
    <failure type="java.util.MissingResourceException" message="Can&#039;t find bundle for base name test, locale en_US">
      <![CDATA[java.util.MissingResourceException: Can't find bundle for base name test, locale en_US
	at java.util.ResourceBundle.throwMissingResourceException(Unknown Source)
	at java.util.ResourceBundle.getBundleImpl(Unknown Source)
	at java.util.ResourceBundle.getBundle(Unknown Source)
	at com.MOTA.common.Global_Common.getEnvironmentProperty(Global_Common.java:20)
	at com.MOTA.common.Global_Common.getEnvironmentProperty(Global_Common.java:31)
	at com.MOTA.selenium.DriverTest.setup(DriverTest.java:80)
	at sun.reflect.NativeMethodAccessorImpl.invoke0(Native Method)
	at sun.reflect.NativeMethodAccessorImpl.invoke(Unknown Source)
	at sun.reflect.DelegatingMethodAccessorImpl.invoke(Unknown Source)
	at java.lang.reflect.Method.invoke(Unknown Source)
	at org.testng.internal.MethodInvocationHelper.invokeMethod(MethodInvocationHelper.java:84)
	at org.testng.internal.Invoker.invokeConfigurationMethod(Invoker.java:564)
	at org.testng.internal.Invoker.invokeConfigurations(Invoker.java:213)
	at org.testng.internal.Invoker.invokeConfigurations(Invoker.java:138)
	at org.testng.TestRunner.beforeRun(TestRunner.java:641)
	at org.testng.TestRunner.run(TestRunner.java:609)
	at org.testng.SuiteRunner.runTest(SuiteRunner.java:334)
	at org.testng.SuiteRunner.access$000(SuiteRunner.java:37)
	at org.testng.SuiteRunner$SuiteWorker.run(SuiteRunner.java:368)
	at org.testng.internal.thread.ThreadUtil$2.call(ThreadUtil.java:64)
	at java.util.concurrent.FutureTask.run(Unknown Source)
	at java.util.concurrent.ThreadPoolExecutor.runWorker(Unknown Source)
	at java.util.concurrent.ThreadPoolExecutor$Worker.run(Unknown Source)
	at java.lang.Thread.run(Unknown Source)
]]>
    </failure>
  </testcase> <!-- GoogleSearch -->
  <testcase name="GoogleSearch" time="0.001" classname="com.MOTA.selenium.DriverTest">
    <failure type="java.util.MissingResourceException" message="Can&#039;t find bundle for base name test, locale en_US">
      <![CDATA[java.util.MissingResourceException: Can't find bundle for base name test, locale en_US
	at java.util.ResourceBundle.throwMissingResourceException(Unknown Source)
	at java.util.ResourceBundle.getBundleImpl(Unknown Source)
	at java.util.ResourceBundle.getBundle(Unknown Source)
	at com.MOTA.common.Global_Common.getEnvironmentProperty(Global_Common.java:20)
	at com.MOTA.common.Global_Common.getEnvironmentProperty(Global_Common.java:31)
	at com.MOTA.selenium.DriverTest.setup(DriverTest.java:80)
	at sun.reflect.NativeMethodAccessorImpl.invoke0(Native Method)
	at sun.reflect.NativeMethodAccessorImpl.invoke(Unknown Source)
	at sun.reflect.DelegatingMethodAccessorImpl.invoke(Unknown Source)
	at java.lang.reflect.Method.invoke(Unknown Source)
	at org.testng.internal.MethodInvocationHelper.invokeMethod(MethodInvocationHelper.java:84)
	at org.testng.internal.Invoker.invokeConfigurationMethod(Invoker.java:564)
	at org.testng.internal.Invoker.invokeConfigurations(Invoker.java:213)
	at org.testng.internal.Invoker.invokeConfigurations(Invoker.java:138)
	at org.testng.TestRunner.beforeRun(TestRunner.java:641)
	at org.testng.TestRunner.run(TestRunner.java:609)
	at org.testng.SuiteRunner.runTest(SuiteRunner.java:334)
	at org.testng.SuiteRunner.access$000(SuiteRunner.java:37)
	at org.testng.SuiteRunner$SuiteWorker.run(SuiteRunner.java:368)
	at org.testng.internal.thread.ThreadUtil$2.call(ThreadUtil.java:64)
	at java.util.concurrent.FutureTask.run(Unknown Source)
	at java.util.concurrent.ThreadPoolExecutor.runWorker(Unknown Source)
	at java.util.concurrent.ThreadPoolExecutor$Worker.run(Unknown Source)
	at java.lang.Thread.run(Unknown Source)
]]>
    </failure>
  </testcase> <!-- GoogleSearch -->
</testsuite> <!-- com.MOTA.selenium.DriverTest -->
